<?xml version="1.0" encoding="UTF-8"?>
<!-- Generated by org.testng.reporters.JUnitReportReporter -->
<testsuite hostname="Gowtham" failures="0" tests="2" name="qaclickacademy.AppiumTest" time="0.012" errors="0" timestamp="2020-12-22T15:18:33 IST" skipped="0">
  <testcase classname="qaclickacademy.AppiumTest" name="NativeAPpAndroid" time="0.001"/>
  <system-out/>
  <testcase classname="qaclickacademy.AppiumTest" name="IOSApps" time="0.011"/>
  <system-out/>
</testsuite> <!-- qaclickacademy.AppiumTest -->
