<?xml version="1.0" encoding="UTF-8"?>
<!-- Generated by org.testng.reporters.JUnitReportReporter -->
<testsuite hostname="Gowtham" failures="0" tests="1" name="qaclickacademy.AppTest" time="0.034" errors="0" timestamp="2020-12-22T19:25:10 IST" skipped="0">
  <testcase classname="qaclickacademy.AppTest" name="shouldAnswerWithTrue" time="0.034"/>
  <system-out/>
</testsuite> <!-- qaclickacademy.AppTest -->
